Script started on Sun 29 Jan 2017 07:56:29 AM PST
]0;root@ubuntu: /home/hussain/Desktop/assemyblylang/scriptsroot@ubuntu:/home/hussain/Desktop/assemyblylang/scripts# export $IFS=j[Karbaz :
bash: export: `=arbaz': not a valid identifier
bash: export: `:': not a valid identifier
]0;root@ubuntu: /home/hussain/Desktop/assemyblylang/scriptsroot@ubuntu:/home/hussain/Desktop/assemyblylang/scripts# export $IFS=arbaz :[K[K[K[K[K[K[K[K[K[K[K[K[K[K[K[K[K[K[K[H[2J]0;root@ubuntu: /home/hussain/Desktop/assemyblylang/scriptsroot@ubuntu:/home/hussain/Desktop/assemyblylang/scripts# ls
datatype.nasm  datatypes.log  [0m[01;34mGDB_Test[0m  [01;32mhello[0m  hello.nasm  hello.o  [01;34mport[0m
]0;root@ubuntu: /home/hussain/Desktop/assemyblylang/scriptsroot@ubuntu:/home/hussain/Desktop/assemyblylang/scripts# vi datatype.nasm 
[?1049h[?1h=[1;24r[?12;25h[?12l[?25h[27m[23m[m[H[2J[?25l[24;1H"datatype.nasm" 23L, 270C[1;1Hglobal _start

section .text

_start:[7;9H; print on screen[8;9Hmov rax, 1[9;9Hmov rdi, 1[10;9Hmov rsi, hello_world[11;9Hmov rdx, length[12;9Hsyscall[14;9H; exit gracefully[16;9Hmov rax, 60[17;9Hmov rdi, 11[18;9Hsyscall

section .data[21;9Hhello_world: db 'Hello World Nigga',0xa[22;9Hlength: equ $-hello_world[1;1H[?12l[?25h[?25l[24;1H[1m-- INSERT --[m[24;13H[K[1;1H[?12l[?25h
[1;1Hg

s

_

[8C;[8;10H[9;10H[10;10H[11;10H[12;10H
[14;10H
[16;10H[17;10H[18;10H
[20;10H[21;10H[22;10H
[?25l[8C[?12l[?25h[?25l[1;23r[23;1H
[1;24r[23;1H[?12l[?25h[?25l[8C[?12l[?25h[?25lv[?12l[?25h[?25la[?12l[?25h[?25lr[?12l[?25h[?25l1[?12l[?25h[?25l [?12l[?25h[?25l:[?12l[?25h[?25l[23;14H[K[23;14H[?12l[?25h[?25l[?12l[?25h[?25l:[?12l[?25h[?25l [?12l[?25h[?25ld[?12l[?25h[?25lb[?12l[?25h[?25l [?12l[?25h[?25l-[?12l[?25h[?25lx[?12l[?25h[?25l[23;19H[K[23;19H[?12l[?25h[?25l[23;18H[K[23;18H[?12l[?25h[?25l0[?12l[?25h[?25lx[?12l[?25h[?25l1[?12l[?25h[?25l1[?12l[?25h[?25l,[?12l[?25h[?25l [?12l[?25h[?25l0[?12l[?25h[?25lx[?12l[?25h[?25l [?12l[?25h[?25l[?12l[?25h[?25l2[?12l[?25h[?25l2[?12l[?25h[?25l[1;23r[23;1H
[1;24r[23;1H[?12l[?25h[?25l[8C[?12l[?25h[?25lv[?12l[?25h[?25la[?12l[?25h[?25lr[?12l[?25h[?25l2[?12l[?25h[?25l:[?12l[?25h[?25l [?12l[?25h[?25ld[?12l[?25h[?25lw[?12l[?25h[?25l [?12l[?25h[?25l0[?12l[?25h[?25lx[?12l[?25h[?25l3[?12l[?25h[?25l3[?12l[?25h[?25l4[?12l[?25h[?25l4[?12l[?25h[?25l[1;23r[23;1H
[1;24r[23;1H[?12l[?25h[?25l[8C[?12l[?25h[?25lv[?12l[?25h[?25la[?12l[?25h[?25lr[?12l[?25h[?25l3[?12l[?25h[?25l:[?12l[?25h[?25l [?12l[?25h[?25ld[?12l[?25h[?25ld[?12l[?25h[?25l [?12l[?25h[?25l0[?12l[?25h[?25lx[?12l[?25h[?25la[?12l[?25h[?25la[?12l[?25h[?25lb[?12l[?25h[?25lb[?12l[?25h[?25lc[?12l[?25h[?25lc[?12l[?25h[?25ld[?12l[?25h[?25ld[?12l[?25h[?25l[1;23r[23;1H
[1;24r[23;1H[?12l[?25h[?25l[8C[?12l[?25h[?25lv[?12l[?25h[?25la[?12l[?25h[?25lr[?12l[?25h[?25l4[?12l[?25h[?25l:[?12l[?25h[?25l [?12l[?25h[?25ld[?12l[?25h[?25lq[?12l[?25h[?25l [?12l[?25h[?25l-[?12l[?25h[?25lx[?12l[?25h[?25l[23;19H[K[23;19H[?12l[?25h[?25l[23;18H[K[23;18H[?12l[?25h[?25l0[?12l[?25h[?25lx[?12l[?25h[?25la[?12l[?25h[?25la[?12l[?25h[?25lb[?12l[?25h[?25lb[?12l[?25h[?25lc[?12l[?25h[?25lc[?12l[?25h[?25ld[?12l[?25h[?25ld[?12l[?25h[?25l1[?12l[?25h[?25l1[?12l[?25h[?25l2[?12l[?25h[?25l2[?12l[?25h[?25l3[?12l[?25h[?25l3[?12l[?25h[?25l4[?12l[?25h[?25l4[?12l[?25h[?25l[1;23r[23;1H
[1;24r[23;1H[?12l[?25h[?25l[1;23r[23;1H
[1;24r[23;1H[?12l[?25h[?25ls[?12l[?25h[?25le[?12l[?25h[?25lc[?12l[?25h[?25lt[?12l[?25h[?25li[?12l[?25h[?25lo[?12l[?25h[?25ln[?12l[?25h[?25l [?12l[?25h[?25l.[?12l[?25h[?25lb[?12l[?25h[?25ls[?12l[?25h[?25ls[?12l[?25h[22;1H[?25l[23;1H[K[23;1H[?12l[?25h[?25l[8C[?12l[?25h[?25lr[?12l[?25h[?25le[?12l[?25h[?25lo[?12l[?25h[?25le[?12l[?25h[?25la[?12l[?25h[?25lt[?12l[?25h[?25l[23;14H[K[23;14H[?12l[?25h[?25l[23;13H[K[23;13H[?12l[?25h[?25l[23;12H[K[23;12H[?12l[?25h[?25l[23;11H[K[23;11H[?12l[?25h[?25lp[?12l[?25h[?25le[?12l[?25h[?25la[?12l[?25h[?25lt[?12l[?25h[?25l_[?12l[?25h[?25lb[?12l[?25h[?25lu[?12l[?25h[?25lf[?12l[?25h[?25lf[?12l[?25h[?25le[?12l[?25h[?25lr[?12l[?25h[?25l:[?12l[?25h[?25l [?12l[?25h[?25lt[?12l[?25h[?25li[?12l[?25h[?25lm[?12l[?25h[?25le[?12l[?25h[?25ls[?12l[?25h[?25l[23;28H[K[23;28H[?12l[?25h[?25ls[?12l[?25h[?25l [?12l[?25h[?25l1[?12l[?25h[?25l2[?12l[?25h[?25l8[?12l[?25h[?25l [?12l[?25h[?25ld[?12l[?25h[?25lb[?12l[?25h[?25l [?12l[?25h[?25l0[?12l[?25h[?25lX[?12l[?25h[?25lA[?12l[?25h[?25lA[?12l[?25h[?25l[1;23r[23;1H
[1;24r[23;1Hsection .bss[?12l[?25h[22;41H[?25l[23;1H[K[23;1H[?12l[?25h[?25l[1;23r[23;1H
[1;24r[23;1Hsection .bss[?12l[?25hsection .bss[?25l[1;23r[23;1H
[1;24r[23;1H[?12l[?25h[?25l[8C[?12l[?25h[?25lb[?12l[?25h[?25lu[?12l[?25h[?25lf[?12l[?25h[?25lf[?12l[?25h[?25le[?12l[?25h[?25lr[?12l[?25h[?25l:[?12l[?25h[?25l [?12l[?25h[?25lr[?12l[?25h[?25le[?12l[?25h[?25ls[?12l[?25h[?25lb[?12l[?25h[?25l [?12l[?25h[?25l6[?12l[?25h[?25l4[?12l[?25h[22;13H[21;1H[20;24H[19;1H[18;24H[17;24H[16;24H[15;24H[14;9H[13;24H[12;24H[11;14H[10;1H[9;16H[8;20H[7;20H[6;1H[5;24H[4;1H[3;16H[2;24H[1;24H[?25l[1;23r[1;1H[L[1;24r[1;9Hmov rdi, 1[?12l[?25h[?25l[1;23r[1;1H[L[1;24r[1;9Hmov rax, 1[?12l[?25h[?25l[1;23r[1;1H[L[1;24r[1;9H; print on screen[?12l[?25h[?25l[1;23r[1;1H[L[1;24r[1;1H[?12l[?25h[?25l[1;23r[1;1H[L[1;24r[1;1H_start:[?12l[?25h[?25l[1;23r[1;1H[L[1;24r[1;1H[?12l[?25h[?25l[1;23r[1;1H[L[1;24r[1;1Hsection .text[?12l[?25h[?25l[1;23r[1;1H[L[1;24r[1;1H[?12l[?25h[?25l[1;23r[1;1H[L[1;24r[1;1Hglobal _start[?12l[?25h
[3;14H
[5;8H
[7;24H[8;19H[9;19H[10;24H[11;24H[12;16H[?25l[13;23r[13;1H[L[1;24r[13;1H[?12l[?25h[?25l[14;23r[14;1H[L[1;24r[14;1H[?12l[?25h[?25l[8C[?12l[?25h[?25lm[?12l[?25h[?25lo[?12l[?25h[?25lv[?12l[?25h[?25l [?12l[?25h[?25lr[?12l[?25h[?25la[?12l[?25h[?25lx[?12l[?25h[?25l,[?12l[?25h[?25l [?12l[?25h[?25l6[?12l[?25h[?25l0[?12l[?25h[?25l[15;23r[15;1H[L[1;24r[15;1H[?12l[?25h[?25l[8C[?12l[?25h[?25lm[?12l[?25h[?25lo[?12l[?25h[?25lv[?12l[?25h[?25l [?12l[?25h[?25lr[?12l[?25h[?25ld[?12l[?25h[?25li[?12l[?25h[?25l,[?12l[?25h[?25l [?12l[?25h[?25l1[?12l[?25h[?25l1[?12l[?25h[?25l[16;23r[16;1H[L[1;24r[16;1H[?12l[?25h[?25l[8C[?12l[?25h[?25l[?12l[?25h[15;1H[14;1H
[8Cmov rdi, 11[?25li[?12l[?25h[?25l[15;20H[K[15;20H[?12l[?25h[?25l[15;19H[K[15;19H[?12l[?25h[?25l[15;18H[K[15;18H[?12l[?25h[?25l[?12l[?25h[?25l[15;16H[K[15;16H[?12l[?25h[?25l[15;15H[K[15;15H[?12l[?25h[?25l[15;14H[K[15;14H[?12l[?25h[?25l[15;13H[K[15;13H[?12l[?25h[?25l[?12l[?25h[?25l[15;11H[K[15;11H[?12l[?25h[?25l[15;10H[K[15;10H[?12l[?25h[?25l[15;9H[K[15;9H[?12l[?25h[?25l[?12l[?25h[14;1H[8Cmov rax, 60[?25li[?12l[?25h[?25l[14;20H[K[14;20H[?12l[?25h[?25l[14;19H[K[14;19H[?12l[?25h[?25l[14;18H[K[14;18H[?12l[?25h[?25l[?12l[?25h[?25l[14;16H[K[14;16H[?12l[?25h[?25l[14;15H[K[14;15H[?12l[?25h[?25l[14;14H[K[14;14H[?12l[?25h[?25l[14;13H[K[14;13H[?12l[?25h[?25l[?12l[?25h[?25l[14;11H[K[14;11H[?12l[?25h[?25l[14;10H[K[14;10H[?12l[?25h[?25l[14;9H[K[14;9H[?12l[?25h[?25lm[?12l[?25h[?25lo[?12l[?25h[?25lv[?12l[?25h[?25l [?12l[?25h[?25lr[?12l[?25h[?25la[?12l[?25h[?25lx[?12l[?25h[?25l,[?12l[?25h[?25l [?12l[?25h[?25lv[?12l[?25h[?25la[?12l[?25h[?25lr[?12l[?25h[?25l4[?12l[?25h[?25l[15;23r[15;1H[L[1;24r[15;1H[?12l[?25h[?25l[8C[?12l[?25h[?25lm[?12l[?25h[?25lo[?12l[?25h[?25lv[?12l[?25h[?25l [?12l[?25h[?25lr[?12l[?25h[?25la[?12l[?25h[?25lx[?12l[?25h[?25l,[?12l[?25h[?25l [?12l[?25h[?25l[[?12l[?25h[?25lv[?12l[?25h[?25la[?12l[?25h[?25lr[?12l[?25h[?25l4[?12l[?25h[?25l][?12l[?25h


[19;24H
[21;20H[22;20H[23;16H[?25l[1;23r[23;1H
[1;24r[23;1H[?12l[?25h[?25l[1;23r[23;1H
[1;24r[23;1Hsection .data[?12l[?25h[?25l[1;23r[23;1H
[1;24r[23;9Hhello_world: db 'Hello World Nigga',0xa[23;24H[?12l[?25h[?25l[1;23r[23;1H
[1;24r[23;9Hlength: equ $-hello_world[23;24H[?12l[?25h[?25l[1;23r[23;1H
[1;24r[23;9H[?12l[?25h[?25l[1;23r[23;1H
[1;24r[23;9Hvar1: db 0x11, 0x22[?12l[?25h[?25l[1;23r[23;1H
[1;24r[23;9Hvar2: dw 0x3344[?12l[?25h[?25l[1;23r[23;1H
[1;24r[23;9Hvar3: dd 0xaabbccdd[?12l[?25h[?25l[1;23r[23;1H
[1;24r[23;9Hvar4: dq 0xaabbccdd11223344[23;24H[?12l[?25h[?25l[1;23r[23;1H
[1;24r[23;1H[?12l[?25h[?25l[1;23r[23;1H
[1;24r[23;9Hrepeat_buffer: times 128 db 0XAA[23;24H[?12l[?25h[?25l[1;23r[23;1H
[1;24r[23;1H[?12l[?25h[?25l[1;23r[23;1H
[1;24r[23;1Hsection .bss[?12l[?25h[?25l[1;23r[23;1H
[1;24r[23;9Hbuffer: resb 64[?12l[?25h[24;1H[K[23;23H[?25l[?12l[?25h[?25l
:[?12l[?25hwq[?25l"datatype.nasm" 37L, 460C written
[?1l>[?12l[?25h[?1049l]0;root@ubuntu: /home/hussain/Desktop/assemyblylang/scriptsroot@ubuntu:/home/hussain/Desktop/assemyblylang/scripts# [H[2J]0;root@ubuntu: /home/hussain/Desktop/assemyblylang/scriptsroot@ubuntu:/home/hussain/Desktop/assemyblylang/scripts# ls
datatype.nasm  datatypes.log  [0m[01;34mGDB_Test[0m  [01;32mhello[0m  hello.nasm  hello.o  [01;34mport[0m
]0;root@ubuntu: /home/hussain/Desktop/assemyblylang/scriptsroot@ubuntu:/home/hussain/Desktop/assemyblylang/scripts# nasm -felf64 datatype.naasm -o datatype.o
]0;root@ubuntu: /home/hussain/Desktop/assemyblylang/scriptsroot@ubuntu:/home/hussain/Desktop/assemyblylang/scripts# ls
datatype.nasm  datatypes.log  [0m[01;32mhello[0m       hello.o
datatype.o     [01;34mGDB_Test[0m       hello.nasm  [01;34mport[0m
]0;root@ubuntu: /home/hussain/Desktop/assemyblylang/scriptsroot@ubuntu:/home/hussain/Desktop/assemyblylang/scripts# ld datatype.o -o dataty pe
]0;root@ubuntu: /home/hussain/Desktop/assemyblylang/scriptsroot@ubuntu:/home/hussain/Desktop/assemyblylang/scripts# ls
[0m[01;32mdatatype[0m       datatype.o     [01;34mGDB_Test[0m  hello.nasm  [01;34mport[0m
datatype.nasm  datatypes.log  [01;32mhello[0m     hello.o
]0;root@ubuntu: /home/hussain/Desktop/assemyblylang/scriptsroot@ubuntu:/home/hussain/Desktop/assemyblylang/scripts# ./datatype 
Hello World Nigga
]0;root@ubuntu: /home/hussain/Desktop/assemyblylang/scriptsroot@ubuntu:/home/hussain/Desktop/assemyblylang/scripts# gdb ./datatype -q
Reading symbols from ./datatype...(no debugging symbols found)...done.
(gdb) set disassemblu[K
disassemble-next-line  disassembly-flavor     
(gdb) set disassembl
disassemble-next-line  disassembly-flavor     
(gdb) set disassembly-flavor intel
(gdb) break _start
Breakpoint 1 at 0x4000b0
(gdb) run
Starting program: /home/hussain/Desktop/assemyblylang/scripts/datatype 

Breakpoint 1, 0x00000000004000b0 in _start ()
(gdb) disassemble
Dump of assembler code for function _start:
=> 0x00000000004000b0 <+0>:	mov    eax,0x1
   0x00000000004000b5 <+5>:	mov    edi,0x1
   0x00000000004000ba <+10>:	movabs rsi,0x6000ec
   0x00000000004000c4 <+20>:	mov    edx,0x12
   0x00000000004000c9 <+25>:	syscall 
   0x00000000004000cb <+27>:	movabs rax,0x600106
   0x00000000004000d5 <+37>:	mov    rax,QWORD PTR ds:0x600106
   0x00000000004000dd <+45>:	mov    eax,0x3c
   0x00000000004000e2 <+50>:	mov    edi,0xb
   0x00000000004000e7 <+55>:	syscall 
End of assembler dump.
(gdb) info variables 
All defined variables:

Non-debugging symbols:
0x00000000006000ec  hello_world
0x00000000006000fe  var1
0x0000000000600100  var2
0x0000000000600102  var3
0x0000000000600106  var4
0x000000000060010e  repeat_buffer
0x000000000060018e  __bss_start
0x000000000060018e  _edata
0x0000000000600190  buffer
0x00000000006001d0  _end
(gdb) x/2xb &var1
0x6000fe:	0x11	0x22
(gdb) x/xh &var2
0x600100:	0x3344
(gdb) x/xh &var3
0x600102:	0xccdd
(gdb) x/xh &var3[1P &var3w &var3
0x600102:	0xaabbccdd
(gdb) x/xw &var3[1P &var3g &var3[C[C[C[C[C[C[K4
0x600106:	0xaabbccdd11223344
(gdb) x/128xb &repeat_buffer
0x60010e:	0xaa	0xaa	0xaa	0xaa	0xaa	0xaa	0xaa	0xaa
0x600116:	0xaa	0xaa	0xaa	0xaa	0xaa	0xaa	0xaa	0xaa
0x60011e:	0xaa	0xaa	0xaa	0xaa	0xaa	0xaa	0xaa	0xaa
0x600126:	0xaa	0xaa	0xaa	0xaa	0xaa	0xaa	0xaa	0xaa
0x60012e:	0xaa	0xaa	0xaa	0xaa	0xaa	0xaa	0xaa	0xaa
0x600136:	0xaa	0xaa	0xaa	0xaa	0xaa	0xaa	0xaa	0xaa
0x60013e:	0xaa	0xaa	0xaa	0xaa	0xaa	0xaa	0xaa	0xaa
0x600146:	0xaa	0xaa	0xaa	0xaa	0xaa	0xaa	0xaa	0xaa
0x60014e:	0xaa	0xaa	0xaa	0xaa	0xaa	0xaa	0xaa	0xaa
0x600156:	0xaa	0xaa	0xaa	0xaa	0xaa	0xaa	0xaa	0xaa
0x60015e:	0xaa	0xaa	0xaa	0xaa	0xaa	0xaa	0xaa	0xaa
0x600166:	0xaa	0xaa	0xaa	0xaa	0xaa	0xaa	0xaa	0xaa
0x60016e:	0xaa	0xaa	0xaa	0xaa	0xaa	0xaa	0xaa	0xaa
0x600176:	0xaa	0xaa	0xaa	0xaa	0xaa	0xaa	0xaa	0xaa
0x60017e:	0xaa	0xaa	0xaa	0xaa	0xaa	0xaa	0xaa	0xaa
0x600186:	0xaa	0xaa	0xaa	0xaa	0xaa	0xaa	0xaa	0xaa
(gdb) infoi[K variables
All defined variables:

Non-debugging symbols:
0x00000000006000ec  hello_world
0x00000000006000fe  var1
0x0000000000600100  var2
0x0000000000600102  var3
0x0000000000600106  var4
0x000000000060010e  repeat_buffer
0x000000000060018e  __bss_start
0x000000000060018e  _edata
0x0000000000600190  buffer
0x00000000006001d0  _end
(gdb) x/x[K64x &buffer
0x600190:	0x00	0x00	0x00	0x00	0x00	0x00	0x00	0x00
0x600198:	0x00	0x00	0x00	0x00	0x00	0x00	0x00	0x00
0x6001a0:	0x00	0x00	0x00	0x00	0x00	0x00	0x00	0x00
0x6001a8:	0x00	0x00	0x00	0x00	0x00	0x00	0x00	0x00
0x6001b0:	0x00	0x00	0x00	0x00	0x00	0x00	0x00	0x00
0x6001b8:	0x00	0x00	0x00	0x00	0x00	0x00	0x00	0x00
0x6001c0:	0x00	0x00	0x00	0x00	0x00	0x00	0x00	0x00
0x6001c8:	0x00	0x00	0x00	0x00	0x00	0x00	0x00	0x00
(gdb) dia[Ksassemble 
Dump of assembler code for function _start:
=> 0x00000000004000b0 <+0>:	mov    eax,0x1
   0x00000000004000b5 <+5>:	mov    edi,0x1
   0x00000000004000ba <+10>:	movabs rsi,0x6000ec
   0x00000000004000c4 <+20>:	mov    edx,0x12
   0x00000000004000c9 <+25>:	syscall 
   0x00000000004000cb <+27>:	movabs rax,0x600106
   0x00000000004000d5 <+37>:	mov    rax,QWORD PTR ds:0x600106
   0x00000000004000dd <+45>:	mov    eax,0x3c
   0x00000000004000e2 <+50>:	mov    edi,0xb
   0x00000000004000e7 <+55>:	syscall 
End of assembler dump.
(gdb) break *0x00000000004000cb
Breakpoint 2 at 0x4000cb
(gdb) c
Continuing.
Hello World Nigga

Breakpoint 2, 0x00000000004000cb in _start ()
(gdb) disassemble 
Dump of assembler code for function _start:
   0x00000000004000b0 <+0>:	mov    eax,0x1
   0x00000000004000b5 <+5>:	mov    edi,0x1
   0x00000000004000ba <+10>:	movabs rsi,0x6000ec
   0x00000000004000c4 <+20>:	mov    edx,0x12
   0x00000000004000c9 <+25>:	syscall 
=> 0x00000000004000cb <+27>:	movabs rax,0x600106
   0x00000000004000d5 <+37>:	mov    rax,QWORD PTR ds:0x600106
   0x00000000004000dd <+45>:	mov    eax,0x3c
   0x00000000004000e2 <+50>:	mov    edi,0xb
   0x00000000004000e7 <+55>:	syscall 
End of assembler dump.
(gdb) info registers 
rax            0x12	18
rbx            0x0	0
rcx            0x4000cb	4194507
rdx            0x12	18
rsi            0x6000ec	6291692
rdi            0x1	1
rbp            0x0	0x0
rsp            0x7fffffffe5e0	0x7fffffffe5e0
r8             0x0	0
r9             0x0	0
r10            0x0	0
r11            0x202	514
r12            0x0	0
r13            0x0	0
r14            0x0	0
r15            0x0	0
rip            0x4000cb	0x4000cb <_start+27>
eflags         0x202	[ IF ]
cs             0x33	51
ss             0x2b	43
ds             0x0	0
es             0x0	0
fs             0x0	0
---Type <return> to continue, or q <return> to quit---m[Kne[K[K
gs             0x0	0
(gdb) nexti
0x00000000004000d5 in _start ()
(gdb) info variables 
All defined variables:

Non-debugging symbols:
0x00000000006000ec  hello_world
0x00000000006000fe  var1
0x0000000000600100  var2
0x0000000000600102  var3
0x0000000000600106  var4
0x000000000060010e  repeat_buffer
0x000000000060018e  __bss_start
0x000000000060018e  _edata
0x0000000000600190  buffer
0x00000000006001d0  _end
(gdb) x/xg &var4
0x600106:	0xaabbccdd11223344
(gdb) nexti
0x00000000004000dd in _start ()
(gdb) info registers [K[K[K[K[K[K[K[K[K[K[K[K[K[K[Klist regis[K[K[K[K[K[K[K[K[K[Kinfo registers 
rax            0xaabbccdd11223344	-6144092016769617084
rbx            0x0	0
rcx            0x4000cb	4194507
rdx            0x12	18
rsi            0x6000ec	6291692
rdi            0x1	1
rbp            0x0	0x0
rsp            0x7fffffffe5e0	0x7fffffffe5e0
r8             0x0	0
r9             0x0	0
r10            0x0	0
r11            0x202	514
r12            0x0	0
r13            0x0	0
r14            0x0	0
r15            0x0	0
rip            0x4000dd	0x4000dd <_start+45>
eflags         0x202	[ IF ]
cs             0x33	51
ss             0x2b	43
ds             0x0	0
es             0x0	0
fs             0x0	0
---Type <return> to continue, or q <return> to quit---
gs             0x0	0
(gdb) quit
A debugging session is active.

	Inferior 1 [process 5225] will be killed.

Quit anyway? (y or n) y
]0;root@ubuntu: /home/hussain/Desktop/assemyblylang/scriptsroot@ubuntu:/home/hussain/Desktop/assemyblylang/scripts# s[Kexit
exit

Script done on Sun 29 Jan 2017 08:22:35 AM PST
